<?xml version="1.0" encoding="UTF-8"?>
<testng-results skipped="0" failed="1" total="7" passed="6">
  <reporter-output>
    <line>
      <![CDATA[************BROWSER CLOSED SUCCESSFULLY*************]]>
    </line>
  </reporter-output>
  <suite name="Default suite" duration-ms="101600" started-at="2019-06-17T07:23:34Z" finished-at="2019-06-17T07:25:16Z">
    <groups>
    </groups>
    <test name="Default test" duration-ms="101600" started-at="2019-06-17T07:23:34Z" finished-at="2019-06-17T07:25:16Z">
      <class name="test.ClearTrip_Assignment_2Test">
        <test-method status="PASS" signature="get_objet()[pri:0, instance:test.ClearTrip_Assignment_2Test@5442a311]" name="get_objet" is-config="true" duration-ms="8" started-at="2019-06-17T12:53:47Z" finished-at="2019-06-17T12:53:47Z">
          <reporter-output>
          </reporter-output>
        </test-method> <!-- get_objet -->
        <test-method status="PASS" signature="open_application_url()[pri:0, instance:test.ClearTrip_Assignment_2Test@5442a311]" name="open_application_url" duration-ms="14783" started-at="2019-06-17T12:53:47Z" finished-at="2019-06-17T12:54:02Z">
          <reporter-output>
          </reporter-output>
        </test-method> <!-- open_application_url -->
        <test-method status="PASS" signature="after(org.testng.ITestResult)[pri:0, instance:test.ClearTrip_Assignment_2Test@5442a311]" name="after" is-config="true" duration-ms="1" started-at="2019-06-17T12:54:02Z" finished-at="2019-06-17T12:54:02Z">
          <params>
            <param index="0">
              <value>
                <![CDATA[[TestResult name=open_application_url status=SUCCESS method=ClearTrip_Assignment_2Test.open_application_url()[pri:0, instance:test.ClearTrip_Assignment_2Test@5442a311] output={null}]]]>
              </value>
            </param>
          </params>
          <reporter-output>
          </reporter-output>
        </test-method> <!-- after -->
        <test-method status="PASS" signature="get_objet()[pri:0, instance:test.ClearTrip_Assignment_2Test@5442a311]" name="get_objet" is-config="true" duration-ms="4" started-at="2019-06-17T12:54:44Z" finished-at="2019-06-17T12:54:44Z">
          <reporter-output>
          </reporter-output>
        </test-method> <!-- get_objet -->
        <test-method status="PASS" signature="select_from_city()[pri:0, instance:test.ClearTrip_Assignment_2Test@5442a311]" name="select_from_city" duration-ms="2990" started-at="2019-06-17T12:54:44Z" finished-at="2019-06-17T12:54:47Z">
          <reporter-output>
          </reporter-output>
        </test-method> <!-- select_from_city -->
        <test-method status="PASS" signature="after(org.testng.ITestResult)[pri:0, instance:test.ClearTrip_Assignment_2Test@5442a311]" name="after" is-config="true" duration-ms="1" started-at="2019-06-17T12:54:47Z" finished-at="2019-06-17T12:54:47Z">
          <params>
            <param index="0">
              <value>
                <![CDATA[[TestResult name=select_from_city status=SUCCESS method=ClearTrip_Assignment_2Test.select_from_city()[pri:0, instance:test.ClearTrip_Assignment_2Test@5442a311] output={null}]]]>
              </value>
            </param>
          </params>
          <reporter-output>
          </reporter-output>
        </test-method> <!-- after -->
        <test-method status="PASS" signature="get_objet()[pri:0, instance:test.ClearTrip_Assignment_2Test@5442a311]" name="get_objet" is-config="true" duration-ms="3" started-at="2019-06-17T12:54:47Z" finished-at="2019-06-17T12:54:47Z">
          <reporter-output>
          </reporter-output>
        </test-method> <!-- get_objet -->
        <test-method status="PASS" signature="select_To_city()[pri:0, instance:test.ClearTrip_Assignment_2Test@5442a311]" name="select_To_city" duration-ms="2688" started-at="2019-06-17T12:54:47Z" finished-at="2019-06-17T12:54:50Z">
          <reporter-output>
          </reporter-output>
        </test-method> <!-- select_To_city -->
        <test-method status="PASS" signature="after(org.testng.ITestResult)[pri:0, instance:test.ClearTrip_Assignment_2Test@5442a311]" name="after" is-config="true" duration-ms="4" started-at="2019-06-17T12:54:50Z" finished-at="2019-06-17T12:54:50Z">
          <params>
            <param index="0">
              <value>
                <![CDATA[[TestResult name=select_To_city status=SUCCESS method=ClearTrip_Assignment_2Test.select_To_city()[pri:0, instance:test.ClearTrip_Assignment_2Test@5442a311] output={null}]]]>
              </value>
            </param>
          </params>
          <reporter-output>
          </reporter-output>
        </test-method> <!-- after -->
        <test-method status="PASS" signature="get_objet()[pri:0, instance:test.ClearTrip_Assignment_2Test@5442a311]" name="get_objet" is-config="true" duration-ms="3" started-at="2019-06-17T12:54:50Z" finished-at="2019-06-17T12:54:50Z">
          <reporter-output>
          </reporter-output>
        </test-method> <!-- get_objet -->
        <test-method status="PASS" signature="select_Datepicker()[pri:0, instance:test.ClearTrip_Assignment_2Test@5442a311]" name="select_Datepicker" duration-ms="5000" started-at="2019-06-17T12:54:50Z" finished-at="2019-06-17T12:54:55Z">
          <reporter-output>
          </reporter-output>
        </test-method> <!-- select_Datepicker -->
        <test-method status="PASS" signature="after(org.testng.ITestResult)[pri:0, instance:test.ClearTrip_Assignment_2Test@5442a311]" name="after" is-config="true" duration-ms="3" started-at="2019-06-17T12:54:55Z" finished-at="2019-06-17T12:54:55Z">
          <params>
            <param index="0">
              <value>
                <![CDATA[[TestResult name=select_Datepicker status=SUCCESS method=ClearTrip_Assignment_2Test.select_Datepicker()[pri:0, instance:test.ClearTrip_Assignment_2Test@5442a311] output={null}]]]>
              </value>
            </param>
          </params>
          <reporter-output>
          </reporter-output>
        </test-method> <!-- after -->
        <test-method status="PASS" signature="get_objet()[pri:0, instance:test.ClearTrip_Assignment_2Test@5442a311]" name="get_objet" is-config="true" duration-ms="1" started-at="2019-06-17T12:54:55Z" finished-at="2019-06-17T12:54:55Z">
          <reporter-output>
          </reporter-output>
        </test-method> <!-- get_objet -->
        <test-method status="PASS" signature="click_On_Search()[pri:0, instance:test.ClearTrip_Assignment_2Test@5442a311]" name="click_On_Search" duration-ms="21082" started-at="2019-06-17T12:54:55Z" finished-at="2019-06-17T12:55:16Z">
          <reporter-output>
          </reporter-output>
        </test-method> <!-- click_On_Search -->
        <test-method status="PASS" signature="after(org.testng.ITestResult)[pri:0, instance:test.ClearTrip_Assignment_2Test@5442a311]" name="after" is-config="true" duration-ms="1" started-at="2019-06-17T12:55:16Z" finished-at="2019-06-17T12:55:16Z">
          <params>
            <param index="0">
              <value>
                <![CDATA[[TestResult name=click_On_Search status=SUCCESS method=ClearTrip_Assignment_2Test.click_On_Search()[pri:0, instance:test.ClearTrip_Assignment_2Test@5442a311] output={null}]]]>
              </value>
            </param>
          </params>
          <reporter-output>
          </reporter-output>
        </test-method> <!-- after -->
      </class> <!-- test.ClearTrip_Assignment_2Test -->
      <class name="test.BaseTest">
        <test-method status="PASS" signature="report()[pri:0, instance:test.BaseTest@39c0f4a]" name="report" is-config="true" duration-ms="412" started-at="2019-06-17T12:53:34Z" finished-at="2019-06-17T12:53:34Z">
          <reporter-output>
          </reporter-output>
        </test-method> <!-- report -->
        <test-method status="PASS" signature="quit()[pri:0, instance:test.BaseTest@39c0f4a]" name="quit" is-config="true" duration-ms="6492" started-at="2019-06-17T12:55:16Z" finished-at="2019-06-17T12:55:22Z">
          <reporter-output>
            <line>
              <![CDATA[************BROWSER CLOSED SUCCESSFULLY*************]]>
            </line>
          </reporter-output>
        </test-method> <!-- quit -->
      </class> <!-- test.BaseTest -->
      <class name="test.ResizeAndDrag_Assignment_1Test">
        <test-method status="PASS" signature="get_objet()[pri:0, instance:test.ResizeAndDrag_Assignment_1Test@53b32d7]" name="get_objet" is-config="true" duration-ms="78" started-at="2019-06-17T12:53:34Z" finished-at="2019-06-17T12:53:34Z">
          <reporter-output>
          </reporter-output>
        </test-method> <!-- get_objet -->
        <test-method status="PASS" signature="click_on_Resizable()[pri:0, instance:test.ResizeAndDrag_Assignment_1Test@53b32d7]" name="click_on_Resizable" duration-ms="12813" started-at="2019-06-17T12:53:34Z" finished-at="2019-06-17T12:53:47Z">
          <reporter-output>
          </reporter-output>
        </test-method> <!-- click_on_Resizable -->
        <test-method status="PASS" signature="after(org.testng.ITestResult)[pri:0, instance:test.ResizeAndDrag_Assignment_1Test@53b32d7]" name="after" is-config="true" duration-ms="17" started-at="2019-06-17T12:53:47Z" finished-at="2019-06-17T12:53:47Z">
          <params>
            <param index="0">
              <value>
                <![CDATA[[TestResult name=click_on_Resizable status=SUCCESS method=ResizeAndDrag_Assignment_1Test.click_on_Resizable()[pri:0, instance:test.ResizeAndDrag_Assignment_1Test@53b32d7] output={null}]]]>
              </value>
            </param>
          </params>
          <reporter-output>
          </reporter-output>
        </test-method> <!-- after -->
        <test-method status="PASS" signature="get_objet()[pri:0, instance:test.ResizeAndDrag_Assignment_1Test@53b32d7]" name="get_objet" is-config="true" duration-ms="1" started-at="2019-06-17T12:54:02Z" finished-at="2019-06-17T12:54:02Z">
          <reporter-output>
          </reporter-output>
        </test-method> <!-- get_objet -->
        <test-method status="FAIL" signature="perform_drag_drop()[pri:0, instance:test.ResizeAndDrag_Assignment_1Test@53b32d7]" name="perform_drag_drop" duration-ms="42036" started-at="2019-06-17T12:54:02Z" finished-at="2019-06-17T12:54:44Z">
          <exception class="org.openqa.selenium.NoSuchElementException">
            <message>
              <![CDATA[Timed out after 30 seconds. Unable to locate the element]]>
            </message>
            <full-stacktrace>
              <![CDATA[org.openqa.selenium.NoSuchElementException: Timed out after 30 seconds. Unable to locate the element
	at org.openqa.selenium.support.pagefactory.AjaxElementLocator.findElement(AjaxElementLocator.java:123)
	at org.openqa.selenium.support.pagefactory.internal.LocatingElementHandler.invoke(LocatingElementHandler.java:38)
	at com.sun.proxy.$Proxy11.getCoordinates(Unknown Source)
	at org.openqa.selenium.interactions.internal.MouseAction.getActionLocation(MouseAction.java:66)
	at org.openqa.selenium.interactions.MoveMouseAction.perform(MoveMouseAction.java:43)
	at org.openqa.selenium.interactions.CompositeAction.perform(CompositeAction.java:34)
	at org.openqa.selenium.interactions.Actions$BuiltAction.perform(Actions.java:643)
	at Pagefactory.DragAndDrop.clic_on_Droppable(DragAndDrop.java:35)
	at test.ResizeAndDrag_Assignment_1Test.perform_drag_drop(ResizeAndDrag_Assignment_1Test.java:50)
	at sun.reflect.NativeMethodAccessorImpl.invoke0(Native Method)
	at sun.reflect.NativeMethodAccessorImpl.invoke(NativeMethodAccessorImpl.java:62)
	at sun.reflect.DelegatingMethodAccessorImpl.invoke(DelegatingMethodAccessorImpl.java:43)
	at java.lang.reflect.Method.invoke(Method.java:498)
	at org.testng.internal.MethodInvocationHelper.invokeMethod(MethodInvocationHelper.java:85)
	at org.testng.internal.Invoker.invokeMethod(Invoker.java:639)
	at org.testng.internal.Invoker.invokeTestMethod(Invoker.java:821)
	at org.testng.internal.Invoker.invokeTestMethods(Invoker.java:1131)
	at org.testng.internal.TestMethodWorker.invokeTestMethods(TestMethodWorker.java:125)
	at org.testng.internal.TestMethodWorker.run(TestMethodWorker.java:108)
	at org.testng.TestRunner.privateRun(TestRunner.java:773)
	at org.testng.TestRunner.run(TestRunner.java:623)
	at org.testng.SuiteRunner.runTest(SuiteRunner.java:357)
	at org.testng.SuiteRunner.runSequentially(SuiteRunner.java:352)
	at org.testng.SuiteRunner.privateRun(SuiteRunner.java:310)
	at org.testng.SuiteRunner.run(SuiteRunner.java:259)
	at org.testng.SuiteRunnerWorker.runSuite(SuiteRunnerWorker.java:52)
	at org.testng.SuiteRunnerWorker.run(SuiteRunnerWorker.java:86)
	at org.testng.TestNG.runSuitesSequentially(TestNG.java:1185)
	at org.testng.TestNG.runSuitesLocally(TestNG.java:1110)
	at org.testng.TestNG.run(TestNG.java:1018)
	at org.testng.remote.AbstractRemoteTestNG.run(AbstractRemoteTestNG.java:126)
	at org.testng.remote.RemoteTestNG.initAndRun(RemoteTestNG.java:152)
	at org.testng.remote.RemoteTestNG.main(RemoteTestNG.java:57)
Caused by: org.openqa.selenium.NoSuchElementException: no such element: Unable to locate element: {"method":"xpath","selector":"//a[@href='https://demoqa.com/droppable/']"}
  (Session info: chrome=74.0.3729.169)
  (Driver info: chromedriver=2.39.562718 (9a2698cba08cf5a471a29d30c8b3e12becabb0e9),platform=Windows NT 10.0.17763 x86_64) (WARNING: The server did not provide any stacktrace information)
Command duration or timeout: 0 milliseconds
For documentation on this error, please visit: http://seleniumhq.org/exceptions/no_such_element.html
Build info: version: '3.14.0', revision: 'aacccce0', time: '2018-08-02T20:19:58.91Z'
System info: host: 'BDC4-L-8NGQPQ2', ip: '10.187.158.223', os.name: 'Windows 10', os.arch: 'amd64', os.version: '10.0', java.version: '1.8.0_191'
Driver info: org.openqa.selenium.chrome.ChromeDriver
Capabilities {acceptInsecureCerts: false, acceptSslCerts: false, applicationCacheEnabled: false, browserConnectionEnabled: false, browserName: chrome, chrome: {chromedriverVersion: 2.39.562718 (9a2698cba08cf5..., userDataDir: C:\Users\KAMLES~1.KUM\AppDa...}, cssSelectorsEnabled: true, databaseEnabled: false, handlesAlerts: true, hasTouchScreen: false, javascriptEnabled: true, locationContextEnabled: true, mobileEmulationEnabled: false, nativeEvents: true, networkConnectionEnabled: false, pageLoadStrategy: normal, platform: XP, platformName: XP, rotatable: false, setWindowRect: true, takesHeapSnapshot: true, takesScreenshot: true, unexpectedAlertBehaviour: , unhandledPromptBehavior: , version: 74.0.3729.169, webStorageEnabled: true}
Session ID: 41e2db2052bce7d589568798a4d78950
*** Element info: {Using=xpath, value=//a[@href='https://demoqa.com/droppable/']}
	at sun.reflect.NativeConstructorAccessorImpl.newInstance0(Native Method)
	at sun.reflect.NativeConstructorAccessorImpl.newInstance(NativeConstructorAccessorImpl.java:62)
	at sun.reflect.DelegatingConstructorAccessorImpl.newInstance(DelegatingConstructorAccessorImpl.java:45)
	at java.lang.reflect.Constructor.newInstance(Constructor.java:423)
	at org.openqa.selenium.remote.ErrorHandler.createThrowable(ErrorHandler.java:214)
	at org.openqa.selenium.remote.ErrorHandler.throwIfResponseFailed(ErrorHandler.java:166)
	at org.openqa.selenium.remote.http.JsonHttpResponseCodec.reconstructValue(JsonHttpResponseCodec.java:40)
	at org.openqa.selenium.remote.http.AbstractHttpResponseCodec.decode(AbstractHttpResponseCodec.java:80)
	at org.openqa.selenium.remote.http.AbstractHttpResponseCodec.decode(AbstractHttpResponseCodec.java:44)
	at org.openqa.selenium.remote.HttpCommandExecutor.execute(HttpCommandExecutor.java:158)
	at org.openqa.selenium.remote.service.DriverCommandExecutor.execute(DriverCommandExecutor.java:83)
	at org.openqa.selenium.remote.RemoteWebDriver.execute(RemoteWebDriver.java:548)
	at org.openqa.selenium.remote.RemoteWebDriver.findElement(RemoteWebDriver.java:322)
	at org.openqa.selenium.remote.RemoteWebDriver.findElementByXPath(RemoteWebDriver.java:424)
	at org.openqa.selenium.By$ByXPath.findElement(By.java:353)
	at org.openqa.selenium.remote.RemoteWebDriver.findElement(RemoteWebDriver.java:314)
	at org.openqa.selenium.support.pagefactory.DefaultElementLocator.findElement(DefaultElementLocator.java:69)
	at org.openqa.selenium.support.pagefactory.AjaxElementLocator.access$001(AjaxElementLocator.java:39)
	at org.openqa.selenium.support.pagefactory.AjaxElementLocator$SlowLoadingElement.isLoaded(AjaxElementLocator.java:194)
	at org.openqa.selenium.support.ui.SlowLoadableComponent.get(SlowLoadableComponent.java:78)
	at org.openqa.selenium.support.pagefactory.AjaxElementLocator.findElement(AjaxElementLocator.java:119)
	... 32 more
]]>
            </full-stacktrace>
          </exception> <!-- org.openqa.selenium.NoSuchElementException -->
          <reporter-output>
          </reporter-output>
        </test-method> <!-- perform_drag_drop -->
        <test-method status="PASS" signature="after(org.testng.ITestResult)[pri:0, instance:test.ResizeAndDrag_Assignment_1Test@53b32d7]" name="after" is-config="true" duration-ms="1" started-at="2019-06-17T12:54:44Z" finished-at="2019-06-17T12:54:44Z">
          <params>
            <param index="0">
              <value>
                <![CDATA[[TestResult name=perform_drag_drop status=FAILURE method=ResizeAndDrag_Assignment_1Test.perform_drag_drop()[pri:0, instance:test.ResizeAndDrag_Assignment_1Test@53b32d7] output={null}]]]>
              </value>
            </param>
          </params>
          <reporter-output>
          </reporter-output>
        </test-method> <!-- after -->
      </class> <!-- test.ResizeAndDrag_Assignment_1Test -->
    </test> <!-- Default test -->
  </suite> <!-- Default suite -->
</testng-results>
